
==========================================================================================================================================

Serpent continuous-energy Monte Carlo code version 1.1.19

Input file:   godiva
Date:         Sun Nov  8 23:07:04 2020
Title:        Godiva

Random seed:  1604905624

Memory allocated for DATA array:      25458072 bytes (24.28 Mb)
Memory allocated for RESULTS array:     337008 bytes (329.11 kb)
Memory allocated for ASCII array:       530034 bytes (517.61 kb)
Total allocated memory:               26325114 bytes (25.11 Mb)

==========================================================================================================================================

XS data (3 isotopes)

==========================================================================================================================================

Columns: 1 - Pointer in DATA array
         2 - Nuclide alias
         3 - Nuclide name in ace file
         4 - Nuclide ZAI
         5 - Atomic weight ratio
         6 - Temperature (K)
         7 - Options
         8 - File path

  1/  3    77168  42000.03c  42000.03c 420000  95.94  300 8209 /global/home/groups/co_nuclear/serpent/xsdata/endfb7/acedata/42000ENDF68.ace
  2/  3   210844  92235.03c  92235.03c 922350 235.04  300 8217 /global/home/groups/co_nuclear/serpent/xsdata/endfb7/acedata/92235ENDF7.ace
  3/  3   212500  92238.03c  92238.03c 922380 238.05  300 8217 /global/home/groups/co_nuclear/serpent/xsdata/endfb7/acedata/92238ENDF7.ace

==========================================================================================================================================

Material data (1 materials)

==========================================================================================================================================

Material "uranium":

-------------------------------------------------------------------
            a. weight   temp      m. frac      a. frac      a. dens
-------------------------------------------------------------------
 92235.03c  235.04395  300.0  9.25442E-01  9.18020E-01  9.18020E+01
 92238.03c  238.05078  300.0  6.83853E-02  6.69800E-02  6.69800E+00
 42000.03c   95.94017  300.0  6.17220E-03  1.50000E-02  1.50000E+00
       sum                    1.00000E+00  1.00000E+00  1.00000E+02
------------------------------------------------------
densities:                    3.87176E+04  1.00000E+02
------------------------------------------------------

==========================================================================================================================================

Reaction mode fractions by nuclide

==========================================================================================================================================

Fission (total 880214 reactions):

 92235.03c  922350 872843 0.99163
 92238.03c  922380   7371 0.00837

==========================================================================================================================================

Cell data (2 cells)

==========================================================================================================================================

----- Cell "1": --------------------

Universe : 0
Level    : 0
Material : "uranium"

Inside surface 1 (type  9 / sph):

Parameters      :  0.00000E+00  0.00000E+00  0.00000E+00  8.74070E+00 
Neighbour cells :  1 4 

----- Cell "4": --------------------

Universe : 0
Level    : 0
Material : ---

Outside surface 1 (type  9 / sph):

Parameters      :  0.00000E+00  0.00000E+00  0.00000E+00  8.74070E+00 
Neighbour cells :  4 1 

==========================================================================================================================================

Summary of geometry data

==========================================================================================================================================

List of surfaces (1):

------------------------------------------------------------------------------
 Surface |  Type | Parameters
------------------------------------------------------------------------------
       1 |   sph |  0.0000E+00  0.0000E+00  0.0000E+00  8.7407E+00 
------------------------------------------------------------------------------

Geometry has 1 surfaces in 2 cells at 1 universes at 1 levels:

------------------------------------------------------------------------------
Level | Universe |     Cell | Surfaces
------------------------------------------------------------------------------
    0 |        0 |        1 | -1 
    0 |        0 |        4 |  1 
------------------------------------------------------------------------------

List of cell neighbours:

------------------------------------------------------------------------------
Cell    | Neighbour cells 
------------------------------------------------------------------------------
1       | 1 4 
4       | 4 1 
------------------------------------------------------------------------------

==========================================================================================================================================
